Determining if the pthread_create exist failed with the following output:
Change Dir: /home/lybot/AdvanDiptera_VIO/build/AdvanDiptera_sensors_discription/CMakeFiles/CMakeTmp

Run Build Command:"/usr/bin/make" "cmTC_3ad44/fast"
/usr/bin/make -f CMakeFiles/cmTC_3ad44.dir/build.make CMakeFiles/cmTC_3ad44.dir/build
make[1]: Entering directory '/home/lybot/AdvanDiptera_VIO/build/AdvanDiptera_sensors_discription/CMakeFiles/CMakeTmp'
Building C object CMakeFiles/cmTC_3ad44.dir/CheckSymbolExists.c.o
/usr/bin/cc    -o CMakeFiles/cmTC_3ad44.dir/CheckSymbolExists.c.o   -c /home/lybot/AdvanDiptera_VIO/build/AdvanDiptera_sensors_discription/CMakeFiles/CMakeTmp/CheckSymbolExists.c
Linking C executable cmTC_3ad44
/usr/bin/cmake -E cmake_link_script CMakeFiles/cmTC_3ad44.dir/link.txt --verbose=1
/usr/bin/cc      -rdynamic CMakeFiles/cmTC_3ad44.dir/CheckSymbolExists.c.o  -o cmTC_3ad44 
CMakeFiles/cmTC_3ad44.dir/CheckSymbolExists.c.o: In function `main':
CheckSymbolExists.c:(.text+0x1b): undefined reference to `pthread_create'
collect2: error: ld returned 1 exit status
CMakeFiles/cmTC_3ad44.dir/build.make:97: recipe for target 'cmTC_3ad44' failed
make[1]: *** [cmTC_3ad44] Error 1
make[1]: Leaving directory '/home/lybot/AdvanDiptera_VIO/build/AdvanDiptera_sensors_discription/CMakeFiles/CMakeTmp'
Makefile:126: recipe for target 'cmTC_3ad44/fast' failed
make: *** [cmTC_3ad44/fast] Error 2

File /home/lybot/AdvanDiptera_VIO/build/AdvanDiptera_sensors_discription/CMakeFiles/CMakeTmp/CheckSymbolExists.c:
/* */
#include <pthread.h>

int main(int argc, char** argv)
{
  (void)argv;
#ifndef pthread_create
  return ((int*)(&pthread_create))[argc];
#else
  (void)argc;
  return 0;
#endif
}

Determining if the function pthread_create exists in the pthreads failed with the following output:
Change Dir: /home/lybot/AdvanDiptera_VIO/build/AdvanDiptera_sensors_discription/CMakeFiles/CMakeTmp

Run Build Command:"/usr/bin/make" "cmTC_08e28/fast"
/usr/bin/make -f CMakeFiles/cmTC_08e28.dir/build.make CMakeFiles/cmTC_08e28.dir/build
make[1]: Entering directory '/home/lybot/AdvanDiptera_VIO/build/AdvanDiptera_sensors_discription/CMakeFiles/CMakeTmp'
Building C object CMakeFiles/cmTC_08e28.dir/CheckFunctionExists.c.o
/usr/bin/cc   -DCHECK_FUNCTION_EXISTS=pthread_create   -o CMakeFiles/cmTC_08e28.dir/CheckFunctionExists.c.o   -c /usr/share/cmake-3.10/Modules/CheckFunctionExists.c
Linking C executable cmTC_08e28
/usr/bin/cmake -E cmake_link_script CMakeFiles/cmTC_08e28.dir/link.txt --verbose=1
/usr/bin/cc  -DCHECK_FUNCTION_EXISTS=pthread_create    -rdynamic CMakeFiles/cmTC_08e28.dir/CheckFunctionExists.c.o  -o cmTC_08e28 -lpthreads 
/usr/bin/ld: cannot find -lpthreads
collect2: error: ld returned 1 exit status
CMakeFiles/cmTC_08e28.dir/build.make:97: recipe for target 'cmTC_08e28' failed
make[1]: *** [cmTC_08e28] Error 1
make[1]: Leaving directory '/home/lybot/AdvanDiptera_VIO/build/AdvanDiptera_sensors_discription/CMakeFiles/CMakeTmp'
Makefile:126: recipe for target 'cmTC_08e28/fast' failed
make: *** [cmTC_08e28/fast] Error 2


