Determining if the pthread_create exist failed with the following output:
Change Dir: /home/lybot/AdvanDiptera_VIO/build/navfn/CMakeFiles/CMakeTmp

Run Build Command:"/usr/bin/make" "cmTC_0b6e9/fast"
/usr/bin/make -f CMakeFiles/cmTC_0b6e9.dir/build.make CMakeFiles/cmTC_0b6e9.dir/build
make[1]: Entering directory '/home/lybot/AdvanDiptera_VIO/build/navfn/CMakeFiles/CMakeTmp'
Building C object CMakeFiles/cmTC_0b6e9.dir/CheckSymbolExists.c.o
/usr/bin/cc    -o CMakeFiles/cmTC_0b6e9.dir/CheckSymbolExists.c.o   -c /home/lybot/AdvanDiptera_VIO/build/navfn/CMakeFiles/CMakeTmp/CheckSymbolExists.c
Linking C executable cmTC_0b6e9
/usr/bin/cmake -E cmake_link_script CMakeFiles/cmTC_0b6e9.dir/link.txt --verbose=1
/usr/bin/cc      -rdynamic CMakeFiles/cmTC_0b6e9.dir/CheckSymbolExists.c.o  -o cmTC_0b6e9 
CMakeFiles/cmTC_0b6e9.dir/CheckSymbolExists.c.o: In function `main':
CheckSymbolExists.c:(.text+0x1b): undefined reference to `pthread_create'
collect2: error: ld returned 1 exit status
CMakeFiles/cmTC_0b6e9.dir/build.make:97: recipe for target 'cmTC_0b6e9' failed
make[1]: *** [cmTC_0b6e9] Error 1
make[1]: Leaving directory '/home/lybot/AdvanDiptera_VIO/build/navfn/CMakeFiles/CMakeTmp'
Makefile:126: recipe for target 'cmTC_0b6e9/fast' failed
make: *** [cmTC_0b6e9/fast] Error 2

File /home/lybot/AdvanDiptera_VIO/build/navfn/CMakeFiles/CMakeTmp/CheckSymbolExists.c:
/* */
#include <pthread.h>

int main(int argc, char** argv)
{
  (void)argv;
#ifndef pthread_create
  return ((int*)(&pthread_create))[argc];
#else
  (void)argc;
  return 0;
#endif
}

Determining if the function pthread_create exists in the pthreads failed with the following output:
Change Dir: /home/lybot/AdvanDiptera_VIO/build/navfn/CMakeFiles/CMakeTmp

Run Build Command:"/usr/bin/make" "cmTC_055af/fast"
/usr/bin/make -f CMakeFiles/cmTC_055af.dir/build.make CMakeFiles/cmTC_055af.dir/build
make[1]: Entering directory '/home/lybot/AdvanDiptera_VIO/build/navfn/CMakeFiles/CMakeTmp'
Building C object CMakeFiles/cmTC_055af.dir/CheckFunctionExists.c.o
/usr/bin/cc   -DCHECK_FUNCTION_EXISTS=pthread_create   -o CMakeFiles/cmTC_055af.dir/CheckFunctionExists.c.o   -c /usr/share/cmake-3.10/Modules/CheckFunctionExists.c
Linking C executable cmTC_055af
/usr/bin/cmake -E cmake_link_script CMakeFiles/cmTC_055af.dir/link.txt --verbose=1
/usr/bin/cc  -DCHECK_FUNCTION_EXISTS=pthread_create    -rdynamic CMakeFiles/cmTC_055af.dir/CheckFunctionExists.c.o  -o cmTC_055af -lpthreads 
/usr/bin/ld: cannot find -lpthreads
collect2: error: ld returned 1 exit status
CMakeFiles/cmTC_055af.dir/build.make:97: recipe for target 'cmTC_055af' failed
make[1]: *** [cmTC_055af] Error 1
make[1]: Leaving directory '/home/lybot/AdvanDiptera_VIO/build/navfn/CMakeFiles/CMakeTmp'
Makefile:126: recipe for target 'cmTC_055af/fast' failed
make: *** [cmTC_055af/fast] Error 2


Determining if the include file pgm.h exists failed with the following output:
Change Dir: /home/lybot/AdvanDiptera_VIO/build/navfn/CMakeFiles/CMakeTmp

Run Build Command:"/usr/bin/make" "cmTC_bc942/fast"
/usr/bin/make -f CMakeFiles/cmTC_bc942.dir/build.make CMakeFiles/cmTC_bc942.dir/build
make[1]: Entering directory '/home/lybot/AdvanDiptera_VIO/build/navfn/CMakeFiles/CMakeTmp'
Building CXX object CMakeFiles/cmTC_bc942.dir/CheckIncludeFile.cxx.o
/usr/bin/c++     -o CMakeFiles/cmTC_bc942.dir/CheckIncludeFile.cxx.o -c /home/lybot/AdvanDiptera_VIO/build/navfn/CMakeFiles/CMakeTmp/CheckIncludeFile.cxx
/home/lybot/AdvanDiptera_VIO/build/navfn/CMakeFiles/CMakeTmp/CheckIncludeFile.cxx:1:10: fatal error: pgm.h: No such file or directory
 #include <pgm.h>
          ^~~~~~~
compilation terminated.
CMakeFiles/cmTC_bc942.dir/build.make:65: recipe for target 'CMakeFiles/cmTC_bc942.dir/CheckIncludeFile.cxx.o' failed
make[1]: *** [CMakeFiles/cmTC_bc942.dir/CheckIncludeFile.cxx.o] Error 1
make[1]: Leaving directory '/home/lybot/AdvanDiptera_VIO/build/navfn/CMakeFiles/CMakeTmp'
Makefile:126: recipe for target 'cmTC_bc942/fast' failed
make: *** [cmTC_bc942/fast] Error 2


