Determining if the pthread_create exist failed with the following output:
Change Dir: /home/lybot/AdvanDiptera_VIO/build/vision_to_mavros/CMakeFiles/CMakeTmp

Run Build Command:"/usr/bin/make" "cmTC_d7093/fast"
/usr/bin/make -f CMakeFiles/cmTC_d7093.dir/build.make CMakeFiles/cmTC_d7093.dir/build
make[1]: Entering directory '/home/lybot/AdvanDiptera_VIO/build/vision_to_mavros/CMakeFiles/CMakeTmp'
Building C object CMakeFiles/cmTC_d7093.dir/CheckSymbolExists.c.o
/usr/bin/cc    -o CMakeFiles/cmTC_d7093.dir/CheckSymbolExists.c.o   -c /home/lybot/AdvanDiptera_VIO/build/vision_to_mavros/CMakeFiles/CMakeTmp/CheckSymbolExists.c
Linking C executable cmTC_d7093
/usr/bin/cmake -E cmake_link_script CMakeFiles/cmTC_d7093.dir/link.txt --verbose=1
/usr/bin/cc      -rdynamic CMakeFiles/cmTC_d7093.dir/CheckSymbolExists.c.o  -o cmTC_d7093 
CMakeFiles/cmTC_d7093.dir/CheckSymbolExists.c.o: In function `main':
CheckSymbolExists.c:(.text+0x1b): undefined reference to `pthread_create'
collect2: error: ld returned 1 exit status
CMakeFiles/cmTC_d7093.dir/build.make:97: recipe for target 'cmTC_d7093' failed
make[1]: *** [cmTC_d7093] Error 1
make[1]: Leaving directory '/home/lybot/AdvanDiptera_VIO/build/vision_to_mavros/CMakeFiles/CMakeTmp'
Makefile:126: recipe for target 'cmTC_d7093/fast' failed
make: *** [cmTC_d7093/fast] Error 2

File /home/lybot/AdvanDiptera_VIO/build/vision_to_mavros/CMakeFiles/CMakeTmp/CheckSymbolExists.c:
/* */
#include <pthread.h>

int main(int argc, char** argv)
{
  (void)argv;
#ifndef pthread_create
  return ((int*)(&pthread_create))[argc];
#else
  (void)argc;
  return 0;
#endif
}

Determining if the function pthread_create exists in the pthreads failed with the following output:
Change Dir: /home/lybot/AdvanDiptera_VIO/build/vision_to_mavros/CMakeFiles/CMakeTmp

Run Build Command:"/usr/bin/make" "cmTC_ee323/fast"
/usr/bin/make -f CMakeFiles/cmTC_ee323.dir/build.make CMakeFiles/cmTC_ee323.dir/build
make[1]: Entering directory '/home/lybot/AdvanDiptera_VIO/build/vision_to_mavros/CMakeFiles/CMakeTmp'
Building C object CMakeFiles/cmTC_ee323.dir/CheckFunctionExists.c.o
/usr/bin/cc   -DCHECK_FUNCTION_EXISTS=pthread_create   -o CMakeFiles/cmTC_ee323.dir/CheckFunctionExists.c.o   -c /usr/share/cmake-3.10/Modules/CheckFunctionExists.c
Linking C executable cmTC_ee323
/usr/bin/cmake -E cmake_link_script CMakeFiles/cmTC_ee323.dir/link.txt --verbose=1
/usr/bin/cc  -DCHECK_FUNCTION_EXISTS=pthread_create    -rdynamic CMakeFiles/cmTC_ee323.dir/CheckFunctionExists.c.o  -o cmTC_ee323 -lpthreads 
/usr/bin/ld: cannot find -lpthreads
collect2: error: ld returned 1 exit status
CMakeFiles/cmTC_ee323.dir/build.make:97: recipe for target 'cmTC_ee323' failed
make[1]: *** [cmTC_ee323] Error 1
make[1]: Leaving directory '/home/lybot/AdvanDiptera_VIO/build/vision_to_mavros/CMakeFiles/CMakeTmp'
Makefile:126: recipe for target 'cmTC_ee323/fast' failed
make: *** [cmTC_ee323/fast] Error 2


