Determining if the pthread_create exist failed with the following output:
Change Dir: /home/lybot/AdvanDiptera_VIO/build/pointcloud_to_laserscan/CMakeFiles/CMakeTmp

Run Build Command:"/usr/bin/make" "cmTC_b54eb/fast"
/usr/bin/make -f CMakeFiles/cmTC_b54eb.dir/build.make CMakeFiles/cmTC_b54eb.dir/build
make[1]: Entering directory '/home/lybot/AdvanDiptera_VIO/build/pointcloud_to_laserscan/CMakeFiles/CMakeTmp'
Building C object CMakeFiles/cmTC_b54eb.dir/CheckSymbolExists.c.o
/usr/bin/cc    -o CMakeFiles/cmTC_b54eb.dir/CheckSymbolExists.c.o   -c /home/lybot/AdvanDiptera_VIO/build/pointcloud_to_laserscan/CMakeFiles/CMakeTmp/CheckSymbolExists.c
Linking C executable cmTC_b54eb
/usr/bin/cmake -E cmake_link_script CMakeFiles/cmTC_b54eb.dir/link.txt --verbose=1
/usr/bin/cc      -rdynamic CMakeFiles/cmTC_b54eb.dir/CheckSymbolExists.c.o  -o cmTC_b54eb 
CMakeFiles/cmTC_b54eb.dir/CheckSymbolExists.c.o: In function `main':
CheckSymbolExists.c:(.text+0x1b): undefined reference to `pthread_create'
collect2: error: ld returned 1 exit status
CMakeFiles/cmTC_b54eb.dir/build.make:97: recipe for target 'cmTC_b54eb' failed
make[1]: *** [cmTC_b54eb] Error 1
make[1]: Leaving directory '/home/lybot/AdvanDiptera_VIO/build/pointcloud_to_laserscan/CMakeFiles/CMakeTmp'
Makefile:126: recipe for target 'cmTC_b54eb/fast' failed
make: *** [cmTC_b54eb/fast] Error 2

File /home/lybot/AdvanDiptera_VIO/build/pointcloud_to_laserscan/CMakeFiles/CMakeTmp/CheckSymbolExists.c:
/* */
#include <pthread.h>

int main(int argc, char** argv)
{
  (void)argv;
#ifndef pthread_create
  return ((int*)(&pthread_create))[argc];
#else
  (void)argc;
  return 0;
#endif
}

Determining if the function pthread_create exists in the pthreads failed with the following output:
Change Dir: /home/lybot/AdvanDiptera_VIO/build/pointcloud_to_laserscan/CMakeFiles/CMakeTmp

Run Build Command:"/usr/bin/make" "cmTC_97d06/fast"
/usr/bin/make -f CMakeFiles/cmTC_97d06.dir/build.make CMakeFiles/cmTC_97d06.dir/build
make[1]: Entering directory '/home/lybot/AdvanDiptera_VIO/build/pointcloud_to_laserscan/CMakeFiles/CMakeTmp'
Building C object CMakeFiles/cmTC_97d06.dir/CheckFunctionExists.c.o
/usr/bin/cc   -DCHECK_FUNCTION_EXISTS=pthread_create   -o CMakeFiles/cmTC_97d06.dir/CheckFunctionExists.c.o   -c /usr/share/cmake-3.10/Modules/CheckFunctionExists.c
Linking C executable cmTC_97d06
/usr/bin/cmake -E cmake_link_script CMakeFiles/cmTC_97d06.dir/link.txt --verbose=1
/usr/bin/cc  -DCHECK_FUNCTION_EXISTS=pthread_create    -rdynamic CMakeFiles/cmTC_97d06.dir/CheckFunctionExists.c.o  -o cmTC_97d06 -lpthreads 
/usr/bin/ld: cannot find -lpthreads
collect2: error: ld returned 1 exit status
CMakeFiles/cmTC_97d06.dir/build.make:97: recipe for target 'cmTC_97d06' failed
make[1]: *** [cmTC_97d06] Error 1
make[1]: Leaving directory '/home/lybot/AdvanDiptera_VIO/build/pointcloud_to_laserscan/CMakeFiles/CMakeTmp'
Makefile:126: recipe for target 'cmTC_97d06/fast' failed
make: *** [cmTC_97d06/fast] Error 2


