Determining if the pthread_create exist failed with the following output:
Change Dir: /home/lybot/AdvanDiptera_VIO/build/rotate_recovery/CMakeFiles/CMakeTmp

Run Build Command:"/usr/bin/make" "cmTC_7608f/fast"
/usr/bin/make -f CMakeFiles/cmTC_7608f.dir/build.make CMakeFiles/cmTC_7608f.dir/build
make[1]: Entering directory '/home/lybot/AdvanDiptera_VIO/build/rotate_recovery/CMakeFiles/CMakeTmp'
Building C object CMakeFiles/cmTC_7608f.dir/CheckSymbolExists.c.o
/usr/bin/cc    -o CMakeFiles/cmTC_7608f.dir/CheckSymbolExists.c.o   -c /home/lybot/AdvanDiptera_VIO/build/rotate_recovery/CMakeFiles/CMakeTmp/CheckSymbolExists.c
Linking C executable cmTC_7608f
/usr/bin/cmake -E cmake_link_script CMakeFiles/cmTC_7608f.dir/link.txt --verbose=1
/usr/bin/cc      -rdynamic CMakeFiles/cmTC_7608f.dir/CheckSymbolExists.c.o  -o cmTC_7608f 
CMakeFiles/cmTC_7608f.dir/CheckSymbolExists.c.o: In function `main':
CheckSymbolExists.c:(.text+0x1b): undefined reference to `pthread_create'
collect2: error: ld returned 1 exit status
CMakeFiles/cmTC_7608f.dir/build.make:97: recipe for target 'cmTC_7608f' failed
make[1]: *** [cmTC_7608f] Error 1
make[1]: Leaving directory '/home/lybot/AdvanDiptera_VIO/build/rotate_recovery/CMakeFiles/CMakeTmp'
Makefile:126: recipe for target 'cmTC_7608f/fast' failed
make: *** [cmTC_7608f/fast] Error 2

File /home/lybot/AdvanDiptera_VIO/build/rotate_recovery/CMakeFiles/CMakeTmp/CheckSymbolExists.c:
/* */
#include <pthread.h>

int main(int argc, char** argv)
{
  (void)argv;
#ifndef pthread_create
  return ((int*)(&pthread_create))[argc];
#else
  (void)argc;
  return 0;
#endif
}

Determining if the function pthread_create exists in the pthreads failed with the following output:
Change Dir: /home/lybot/AdvanDiptera_VIO/build/rotate_recovery/CMakeFiles/CMakeTmp

Run Build Command:"/usr/bin/make" "cmTC_4d79b/fast"
/usr/bin/make -f CMakeFiles/cmTC_4d79b.dir/build.make CMakeFiles/cmTC_4d79b.dir/build
make[1]: Entering directory '/home/lybot/AdvanDiptera_VIO/build/rotate_recovery/CMakeFiles/CMakeTmp'
Building C object CMakeFiles/cmTC_4d79b.dir/CheckFunctionExists.c.o
/usr/bin/cc   -DCHECK_FUNCTION_EXISTS=pthread_create   -o CMakeFiles/cmTC_4d79b.dir/CheckFunctionExists.c.o   -c /usr/share/cmake-3.10/Modules/CheckFunctionExists.c
Linking C executable cmTC_4d79b
/usr/bin/cmake -E cmake_link_script CMakeFiles/cmTC_4d79b.dir/link.txt --verbose=1
/usr/bin/cc  -DCHECK_FUNCTION_EXISTS=pthread_create    -rdynamic CMakeFiles/cmTC_4d79b.dir/CheckFunctionExists.c.o  -o cmTC_4d79b -lpthreads 
/usr/bin/ld: cannot find -lpthreads
collect2: error: ld returned 1 exit status
CMakeFiles/cmTC_4d79b.dir/build.make:97: recipe for target 'cmTC_4d79b' failed
make[1]: *** [cmTC_4d79b] Error 1
make[1]: Leaving directory '/home/lybot/AdvanDiptera_VIO/build/rotate_recovery/CMakeFiles/CMakeTmp'
Makefile:126: recipe for target 'cmTC_4d79b/fast' failed
make: *** [cmTC_4d79b/fast] Error 2


