Determining if the pthread_create exist failed with the following output:
Change Dir: /home/lybot/AdvanDiptera_VIO/build/clear_costmap_recovery/CMakeFiles/CMakeTmp

Run Build Command:"/usr/bin/make" "cmTC_44b79/fast"
/usr/bin/make -f CMakeFiles/cmTC_44b79.dir/build.make CMakeFiles/cmTC_44b79.dir/build
make[1]: Entering directory '/home/lybot/AdvanDiptera_VIO/build/clear_costmap_recovery/CMakeFiles/CMakeTmp'
Building C object CMakeFiles/cmTC_44b79.dir/CheckSymbolExists.c.o
/usr/bin/cc    -o CMakeFiles/cmTC_44b79.dir/CheckSymbolExists.c.o   -c /home/lybot/AdvanDiptera_VIO/build/clear_costmap_recovery/CMakeFiles/CMakeTmp/CheckSymbolExists.c
Linking C executable cmTC_44b79
/usr/bin/cmake -E cmake_link_script CMakeFiles/cmTC_44b79.dir/link.txt --verbose=1
/usr/bin/cc      -rdynamic CMakeFiles/cmTC_44b79.dir/CheckSymbolExists.c.o  -o cmTC_44b79 
CMakeFiles/cmTC_44b79.dir/CheckSymbolExists.c.o: In function `main':
CheckSymbolExists.c:(.text+0x1b): undefined reference to `pthread_create'
collect2: error: ld returned 1 exit status
CMakeFiles/cmTC_44b79.dir/build.make:97: recipe for target 'cmTC_44b79' failed
make[1]: *** [cmTC_44b79] Error 1
make[1]: Leaving directory '/home/lybot/AdvanDiptera_VIO/build/clear_costmap_recovery/CMakeFiles/CMakeTmp'
Makefile:126: recipe for target 'cmTC_44b79/fast' failed
make: *** [cmTC_44b79/fast] Error 2

File /home/lybot/AdvanDiptera_VIO/build/clear_costmap_recovery/CMakeFiles/CMakeTmp/CheckSymbolExists.c:
/* */
#include <pthread.h>

int main(int argc, char** argv)
{
  (void)argv;
#ifndef pthread_create
  return ((int*)(&pthread_create))[argc];
#else
  (void)argc;
  return 0;
#endif
}

Determining if the function pthread_create exists in the pthreads failed with the following output:
Change Dir: /home/lybot/AdvanDiptera_VIO/build/clear_costmap_recovery/CMakeFiles/CMakeTmp

Run Build Command:"/usr/bin/make" "cmTC_aa85f/fast"
/usr/bin/make -f CMakeFiles/cmTC_aa85f.dir/build.make CMakeFiles/cmTC_aa85f.dir/build
make[1]: Entering directory '/home/lybot/AdvanDiptera_VIO/build/clear_costmap_recovery/CMakeFiles/CMakeTmp'
Building C object CMakeFiles/cmTC_aa85f.dir/CheckFunctionExists.c.o
/usr/bin/cc   -DCHECK_FUNCTION_EXISTS=pthread_create   -o CMakeFiles/cmTC_aa85f.dir/CheckFunctionExists.c.o   -c /usr/share/cmake-3.10/Modules/CheckFunctionExists.c
Linking C executable cmTC_aa85f
/usr/bin/cmake -E cmake_link_script CMakeFiles/cmTC_aa85f.dir/link.txt --verbose=1
/usr/bin/cc  -DCHECK_FUNCTION_EXISTS=pthread_create    -rdynamic CMakeFiles/cmTC_aa85f.dir/CheckFunctionExists.c.o  -o cmTC_aa85f -lpthreads 
/usr/bin/ld: cannot find -lpthreads
collect2: error: ld returned 1 exit status
CMakeFiles/cmTC_aa85f.dir/build.make:97: recipe for target 'cmTC_aa85f' failed
make[1]: *** [cmTC_aa85f] Error 1
make[1]: Leaving directory '/home/lybot/AdvanDiptera_VIO/build/clear_costmap_recovery/CMakeFiles/CMakeTmp'
Makefile:126: recipe for target 'cmTC_aa85f/fast' failed
make: *** [cmTC_aa85f/fast] Error 2


